#
# There is insufficient memory for the Java Runtime Environment to continue.
# Native memory allocation (mmap) failed to map 149860352 bytes for committing reserved memory.
# Possible reasons:
#   The system is out of physical RAM or swap space
#   In 32 bit mode, the process size limit was hit
# Possible solutions:
#   Reduce memory load on the system
#   Increase physical memory or swap space
#   Check if swap backing store is full
#   Use 64 bit Java on a 64 bit OS
#   Decrease Java heap size (-Xmx/-Xms)
#   Decrease number of Java threads
#   Decrease Java thread stack sizes (-Xss)
#   Set larger code cache with -XX:ReservedCodeCacheSize=
# This output file may be truncated or incomplete.
#
#  Out of Memory Error (os_linux.cpp:2627), pid=27826, tid=0x00007fe2d0d68700
#
# JRE version: Java(TM) SE Runtime Environment (8.0_101-b13) (build 1.8.0_101-b13)
# Java VM: Java HotSpot(TM) 64-Bit Server VM (25.101-b13 mixed mode linux-amd64 compressed oops)
# Failed to write core dump. Core dumps have been disabled. To enable core dumping, try "ulimit -c unlimited" before starting Java again
#

---------------  T H R E A D  ---------------

Current thread (0x00007fe2cc06d000):  VMThread [stack: 0x00007fe2d0c68000,0x00007fe2d0d69000] [id=27848]

Stack: [0x00007fe2d0c68000,0x00007fe2d0d69000],  sp=0x00007fe2d0d672d0,  free space=1020k
Native frames: (J=compiled Java code, j=interpreted, Vv=VM code, C=native code)
V  [libjvm.so+0xac3f0a]  VMError::report_and_die()+0x2ba
V  [libjvm.so+0x4fbf9b]  report_vm_out_of_memory(char const*, int, unsigned long, VMErrorType, char const*)+0x8b
V  [libjvm.so+0x9222d3]  os::Linux::commit_memory_impl(char*, unsigned long, bool)+0x103
V  [libjvm.so+0x922829]  os::pd_commit_memory(char*, unsigned long, unsigned long, bool)+0x29
V  [libjvm.so+0x91cb2a]  os::commit_memory(char*, unsigned long, unsigned long, bool)+0x2a
V  [libjvm.so+0xabfc69]  VirtualSpace::expand_by(unsigned long, bool)+0x199
V  [libjvm.so+0x5f8865]  OneContigSpaceCardGeneration::grow_by(unsigned long)+0x25
V  [libjvm.so+0x5f8c2f]  CardGeneration::expand(unsigned long, unsigned long)+0x6f
V  [libjvm.so+0x5f8cde]  OneContigSpaceCardGeneration::expand(unsigned long, unsigned long)+0x3e
V  [libjvm.so+0x5e9f84]  GenCollectedHeap::do_collection(bool, bool, unsigned long, bool, int)+0x734
V  [libjvm.so+0x487004]  GenCollectorPolicy::satisfy_failed_allocation(unsigned long, bool)+0x134
V  [libjvm.so+0xac4f14]  VM_GenCollectForAllocation::doit()+0x94
V  [libjvm.so+0xacd405]  VM_Operation::evaluate()+0x55
V  [libjvm.so+0xacb7da]  VMThread::evaluate_operation(VM_Operation*)+0xba
V  [libjvm.so+0xacbb5e]  VMThread::loop()+0x1ce
V  [libjvm.so+0xacbfd0]  VMThread::run()+0x70
V  [libjvm.so+0x924698]  java_start(Thread*)+0x108

VM_Operation (0x00007fe2a94b5540): GenCollectForAllocation, mode: safepoint, requested by thread 0x00007fe2cda14000


---------------  P R O C E S S  ---------------

Java Threads: ( => current thread )
  0x00007fe2cda14000 JavaThread "Thread-322" [_thread_blocked, id=28637, stack(0x00007fe2a93b6000,0x00007fe2a94b7000)]
  0x00007fe2cd394000 JavaThread "process reaper" daemon [_thread_blocked, id=27933, stack(0x00007fe2a85e6000,0x00007fe2a861f000)]
  0x00007fe2cc0b3800 JavaThread "Service Thread" daemon [_thread_blocked, id=27854, stack(0x00007fe2d0662000,0x00007fe2d0763000)]
  0x00007fe2cc0b0000 JavaThread "C1 CompilerThread1" daemon [_thread_blocked, id=27853, stack(0x00007fe2d0763000,0x00007fe2d0864000)]
  0x00007fe2cc0ae000 JavaThread "C2 CompilerThread0" daemon [_thread_blocked, id=27852, stack(0x00007fe2d0864000,0x00007fe2d0965000)]
  0x00007fe2cc0ac800 JavaThread "Signal Dispatcher" daemon [_thread_blocked, id=27851, stack(0x00007fe2d0965000,0x00007fe2d0a66000)]
  0x00007fe2cc079800 JavaThread "Finalizer" daemon [_thread_blocked, id=27850, stack(0x00007fe2d0a66000,0x00007fe2d0b67000)]
  0x00007fe2cc075000 JavaThread "Reference Handler" daemon [_thread_blocked, id=27849, stack(0x00007fe2d0b67000,0x00007fe2d0c68000)]
  0x00007fe2cc009000 JavaThread "main" [_thread_blocked, id=27847, stack(0x00007fe2d48e9000,0x00007fe2d49ea000)]

Other Threads:
=>0x00007fe2cc06d000 VMThread [stack: 0x00007fe2d0c68000,0x00007fe2d0d69000] [id=27848]
  0x00007fe2cc0b6800 WatcherThread [stack: 0x00007fe2d0561000,0x00007fe2d0662000] [id=27855]

VM state:at safepoint (normal execution)

VM Mutex/Monitor currently owned by a thread:  ([mutex/lock_event])
[0x00007fe2cc006320] Threads_lock - owner thread: 0x00007fe2cc06d000
[0x00007fe2cc006820] Heap_lock - owner thread: 0x00007fe2cda14000

Heap:
 def new generation   total 185664K, used 0K [0x00000000a0000000, 0x00000000ac970000, 0x00000000c0000000)
  eden space 165056K,   0% used [0x00000000a0000000, 0x00000000a0000000, 0x00000000aa130000)
  from space 20608K,   0% used [0x00000000aa130000, 0x00000000aa130000, 0x00000000ab550000)
  to   space 20608K,   0% used [0x00000000ab550000, 0x00000000ab550000, 0x00000000ac970000)
 tenured generation   total 414440K, used 336470K [0x00000000c0000000, 0x00000000d94ba000, 0x0000000100000000)
   the space 414440K,  81% used [0x00000000c0000000, 0x00000000d48959d8, 0x00000000d4895a00, 0x00000000d94ba000)
 Metaspace       used 55165K, capacity 57680K, committed 57944K, reserved 1099776K
  class space    used 6353K, capacity 6973K, committed 7040K, reserved 1048576K

Card table byte_map: [0x00007fe2d19b9000,0x00007fe2d1cba000] byte_map_base: 0x00007fe2d14b9000

Polling page: 0x00007fe2d49f2000

CodeCache: size=245760Kb used=47315Kb max_used=47315Kb free=198444Kb
 bounds [0x00007fe2bd000000, 0x00007fe2bfe80000, 0x00007fe2cc000000]
 total_blobs=12488 nmethods=12055 adapters=346
 compilation: enabled

Compilation events (10 events):
Event: 235.485 Thread 0x00007fe2cc0b0000 16499       2       org.codehaus.plexus.components.io.resources.PlexusIoFileResource::isExisting (8 bytes)
Event: 235.485 Thread 0x00007fe2cc0b0000 nmethod 16499 0x00007fe2bfe77e50 code [0x00007fe2bfe77fc0, 0x00007fe2bfe78120]
Event: 235.490 Thread 0x00007fe2cc0b0000 16500       2       org.apache.maven.artifact.DefaultArtifact::addMetadata (69 bytes)
Event: 235.490 Thread 0x00007fe2cc0b0000 nmethod 16500 0x00007fe2bfe78210 code [0x00007fe2bfe783c0, 0x00007fe2bfe786f8]
Event: 235.504 Thread 0x00007fe2cc0b0000 16501       2       org.codehaus.plexus.archiver.zip.ZipLong::<init> (7 bytes)
Event: 235.504 Thread 0x00007fe2cc0b0000 nmethod 16501 0x00007fe2bfe78850 code [0x00007fe2bfe789c0, 0x00007fe2bfe78b20]
Event: 235.504 Thread 0x00007fe2cc0b0000 16502       2       org.codehaus.plexus.archiver.zip.ZipLong::equals (34 bytes)
Event: 235.504 Thread 0x00007fe2cc0b0000 nmethod 16502 0x00007fe2bfe78bd0 code [0x00007fe2bfe78d40, 0x00007fe2bfe78f50]
Event: 235.550 Thread 0x00007fe2cc0b0000 16503       2       java.util.Collections$UnmodifiableMap::keySet (28 bytes)
Event: 235.551 Thread 0x00007fe2cc0b0000 nmethod 16503 0x00007fe2bfe79010 code [0x00007fe2bfe791a0, 0x00007fe2bfe79450]

GC Heap History (10 events):
Event: 227.970 GC heap after
Heap after GC invocations=47 (full 4):
 def new generation   total 185664K, used 12164K [0x00000000a0000000, 0x00000000ac970000, 0x00000000c0000000)
  eden space 165056K,   0% used [0x00000000a0000000, 0x00000000a0000000, 0x00000000aa130000)
  from space 20608K,  59% used [0x00000000ab550000, 0x00000000ac1312b0, 0x00000000ac970000)
  to   space 20608K,   0% used [0x00000000aa130000, 0x00000000aa130000, 0x00000000ab550000)
 tenured generation   total 412520K, used 357449K [0x00000000c0000000, 0x00000000d92da000, 0x0000000100000000)
   the space 412520K,  86% used [0x00000000c0000000, 0x00000000d5d12658, 0x00000000d5d12800, 0x00000000d92da000)
 Metaspace       used 53155K, capacity 55560K, committed 55640K, reserved 1097728K
  class space    used 6140K, capacity 6757K, committed 6784K, reserved 1048576K
}
Event: 228.838 GC heap before
{Heap before GC invocations=47 (full 4):
 def new generation   total 185664K, used 177220K [0x00000000a0000000, 0x00000000ac970000, 0x00000000c0000000)
  eden space 165056K, 100% used [0x00000000a0000000, 0x00000000aa130000, 0x00000000aa130000)
  from space 20608K,  59% used [0x00000000ab550000, 0x00000000ac1312b0, 0x00000000ac970000)
  to   space 20608K,   0% used [0x00000000aa130000, 0x00000000aa130000, 0x00000000ab550000)
 tenured generation   total 412520K, used 357449K [0x00000000c0000000, 0x00000000d92da000, 0x0000000100000000)
   the space 412520K,  86% used [0x00000000c0000000, 0x00000000d5d12658, 0x00000000d5d12800, 0x00000000d92da000)
 Metaspace       used 53744K, capacity 56160K, committed 56280K, reserved 1099776K
  class space    used 6202K, capacity 6829K, committed 6912K, reserved 1048576K
Event: 228.882 GC heap after
Heap after GC invocations=48 (full 4):
 def new generation   total 185664K, used 13835K [0x00000000a0000000, 0x00000000ac970000, 0x00000000c0000000)
  eden space 165056K,   0% used [0x00000000a0000000, 0x00000000a0000000, 0x00000000aa130000)
  from space 20608K,  67% used [0x00000000aa130000, 0x00000000aaeb2e28, 0x00000000ab550000)
  to   space 20608K,   0% used [0x00000000ab550000, 0x00000000ab550000, 0x00000000ac970000)
 tenured generation   total 412520K, used 368481K [0x00000000c0000000, 0x00000000d92da000, 0x0000000100000000)
   the space 412520K,  89% used [0x00000000c0000000, 0x00000000d67d8590, 0x00000000d67d8600, 0x00000000d92da000)
 Metaspace       used 53744K, capacity 56160K, committed 56280K, reserved 1099776K
  class space    used 6202K, capacity 6829K, committed 6912K, reserved 1048576K
}
Event: 229.663 GC heap before
{Heap before GC invocations=48 (full 4):
 def new generation   total 185664K, used 178891K [0x00000000a0000000, 0x00000000ac970000, 0x00000000c0000000)
  eden space 165056K, 100% used [0x00000000a0000000, 0x00000000aa130000, 0x00000000aa130000)
  from space 20608K,  67% used [0x00000000aa130000, 0x00000000aaeb2e28, 0x00000000ab550000)
  to   space 20608K,   0% used [0x00000000ab550000, 0x00000000ab550000, 0x00000000ac970000)
 tenured generation   total 412520K, used 368481K [0x00000000c0000000, 0x00000000d92da000, 0x0000000100000000)
   the space 412520K,  89% used [0x00000000c0000000, 0x00000000d67d8590, 0x00000000d67d8600, 0x00000000d92da000)
 Metaspace       used 53772K, capacity 56160K, committed 56280K, reserved 1099776K
  class space    used 6204K, capacity 6829K, committed 6912K, reserved 1048576K
Event: 229.755 GC heap after
Heap after GC invocations=49 (full 4):
 def new generation   total 185664K, used 14809K [0x00000000a0000000, 0x00000000ac970000, 0x00000000c0000000)
  eden space 165056K,   0% used [0x00000000a0000000, 0x00000000a0000000, 0x00000000aa130000)
  from space 20608K,  71% used [0x00000000ab550000, 0x00000000ac3c66e8, 0x00000000ac970000)
  to   space 20608K,   0% used [0x00000000aa130000, 0x00000000aa130000, 0x00000000ab550000)
 tenured generation   total 412520K, used 378104K [0x00000000c0000000, 0x00000000d92da000, 0x0000000100000000)
   the space 412520K,  91% used [0x00000000c0000000, 0x00000000d713e068, 0x00000000d713e200, 0x00000000d92da000)
 Metaspace       used 53772K, capacity 56160K, committed 56280K, reserved 1099776K
  class space    used 6204K, capacity 6829K, committed 6912K, reserved 1048576K
}
Event: 231.614 GC heap before
{Heap before GC invocations=49 (full 4):
 def new generation   total 185664K, used 179865K [0x00000000a0000000, 0x00000000ac970000, 0x00000000c0000000)
  eden space 165056K, 100% used [0x00000000a0000000, 0x00000000aa130000, 0x00000000aa130000)
  from space 20608K,  71% used [0x00000000ab550000, 0x00000000ac3c66e8, 0x00000000ac970000)
  to   space 20608K,   0% used [0x00000000aa130000, 0x00000000aa130000, 0x00000000ab550000)
 tenured generation   total 412520K, used 378104K [0x00000000c0000000, 0x00000000d92da000, 0x0000000100000000)
   the space 412520K,  91% used [0x00000000c0000000, 0x00000000d713e068, 0x00000000d713e200, 0x00000000d92da000)
 Metaspace       used 53867K, capacity 56288K, committed 56536K, reserved 1099776K
  class space    used 6212K, capacity 6829K, committed 6912K, reserved 1048576K
Event: 231.680 GC heap after
Heap after GC invocations=50 (full 4):
 def new generation   total 185664K, used 10115K [0x00000000a0000000, 0x00000000ac970000, 0x00000000c0000000)
  eden space 165056K,   0% used [0x00000000a0000000, 0x00000000a0000000, 0x00000000aa130000)
  from space 20608K,  49% used [0x00000000aa130000, 0x00000000aab10df8, 0x00000000ab550000)
  to   space 20608K,   0% used [0x00000000ab550000, 0x00000000ab550000, 0x00000000ac970000)
 tenured generation   total 412520K, used 392643K [0x00000000c0000000, 0x00000000d92da000, 0x0000000100000000)
   the space 412520K,  95% used [0x00000000c0000000, 0x00000000d7f70ce0, 0x00000000d7f70e00, 0x00000000d92da000)
 Metaspace       used 53867K, capacity 56288K, committed 56536K, reserved 1099776K
  class space    used 6212K, capacity 6829K, committed 6912K, reserved 1048576K
}
Event: 234.016 GC heap before
{Heap before GC invocations=50 (full 4):
 def new generation   total 185664K, used 175171K [0x00000000a0000000, 0x00000000ac970000, 0x00000000c0000000)
  eden space 165056K, 100% used [0x00000000a0000000, 0x00000000aa130000, 0x00000000aa130000)
  from space 20608K,  49% used [0x00000000aa130000, 0x00000000aab10df8, 0x00000000ab550000)
  to   space 20608K,   0% used [0x00000000ab550000, 0x00000000ab550000, 0x00000000ac970000)
 tenured generation   total 412520K, used 392643K [0x00000000c0000000, 0x00000000d92da000, 0x0000000100000000)
   the space 412520K,  95% used [0x00000000c0000000, 0x00000000d7f70ce0, 0x00000000d7f70e00, 0x00000000d92da000)
 Metaspace       used 54453K, capacity 56888K, committed 57048K, reserved 1099776K
  class space    used 6275K, capacity 6901K, committed 6912K, reserved 1048576K
Event: 234.072 GC heap after
Heap after GC invocations=51 (full 4):
 def new generation   total 185664K, used 20607K [0x00000000a0000000, 0x00000000ac970000, 0x00000000c0000000)
  eden space 165056K,   0% used [0x00000000a0000000, 0x00000000a0000000, 0x00000000aa130000)
  from space 20608K,  99% used [0x00000000ab550000, 0x00000000ac96fff8, 0x00000000ac970000)
  to   space 20608K,   0% used [0x00000000aa130000, 0x00000000aa130000, 0x00000000ab550000)
 tenured generation   total 412520K, used 396511K [0x00000000c0000000, 0x00000000d92da000, 0x0000000100000000)
   the space 412520K,  96% used [0x00000000c0000000, 0x00000000d8337e80, 0x00000000d8338000, 0x00000000d92da000)
 Metaspace       used 54453K, capacity 56888K, committed 57048K, reserved 1099776K
  class space    used 6275K, capacity 6901K, committed 6912K, reserved 1048576K
}
Event: 235.566 GC heap before
{Heap before GC invocations=51 (full 4):
 def new generation   total 185664K, used 185663K [0x00000000a0000000, 0x00000000ac970000, 0x00000000c0000000)
  eden space 165056K, 100% used [0x00000000a0000000, 0x00000000aa130000, 0x00000000aa130000)
  from space 20608K,  99% used [0x00000000ab550000, 0x00000000ac96fff8, 0x00000000ac970000)
  to   space 20608K,   0% used [0x00000000aa130000, 0x00000000aa130000, 0x00000000ab550000)
 tenured generation   total 412520K, used 396511K [0x00000000c0000000, 0x00000000d92da000, 0x0000000100000000)
   the space 412520K,  96% used [0x00000000c0000000, 0x00000000d8337e80, 0x00000000d8338000, 0x00000000d92da000)
 Metaspace       used 55165K, capacity 57680K, committed 57944K, reserved 1099776K
  class space    used 6353K, capacity 6973K, committed 7040K, reserved 1048576K

Deoptimization events (10 events):
Event: 231.003 Thread 0x00007fe2cc009000 Uncommon trap: reason=class_check action=maybe_recompile pc=0x00007fe2be61c5c0 method=com.sun.tools.javac.jvm.Items$ImmediateItem.coerce(I)Lcom/sun/tools/javac/jvm/Items$Item; @ 195
Event: 231.085 Thread 0x00007fe2cc009000 Uncommon trap: reason=unstable_if action=reinterpret pc=0x00007fe2bfdc493c method=lombok.bytecode.ClassFileMetaData.decodeString(II)Ljava/lang/String; @ 39
Event: 231.324 Thread 0x00007fe2cc009000 Uncommon trap: reason=bimorphic action=maybe_recompile pc=0x00007fe2bf783ea8 method=com.sun.tools.javac.comp.Resolve.notOverriddenIn(Lcom/sun/tools/javac/code/Type;Lcom/sun/tools/javac/code/Symbol;)Z @ 10
Event: 231.387 Thread 0x00007fe2cc009000 Uncommon trap: reason=bimorphic action=maybe_recompile pc=0x00007fe2bf783ea8 method=com.sun.tools.javac.comp.Resolve.notOverriddenIn(Lcom/sun/tools/javac/code/Type;Lcom/sun/tools/javac/code/Symbol;)Z @ 10
Event: 231.396 Thread 0x00007fe2cc009000 Uncommon trap: reason=bimorphic action=maybe_recompile pc=0x00007fe2bf783ea8 method=com.sun.tools.javac.comp.Resolve.notOverriddenIn(Lcom/sun/tools/javac/code/Type;Lcom/sun/tools/javac/code/Symbol;)Z @ 10
Event: 231.526 Thread 0x00007fe2cc009000 Uncommon trap: reason=class_check action=maybe_recompile pc=0x00007fe2bf6cc990 method=com.sun.tools.javac.comp.Lower.boxIfNeeded(Lcom/sun/tools/javac/tree/JCTree;Lcom/sun/tools/javac/code/Type;)Lcom/sun/tools/javac/tree/JCTree; @ 87
Event: 231.541 Thread 0x00007fe2cc009000 Uncommon trap: reason=class_check action=maybe_recompile pc=0x00007fe2bf6cc990 method=com.sun.tools.javac.comp.Lower.boxIfNeeded(Lcom/sun/tools/javac/tree/JCTree;Lcom/sun/tools/javac/code/Type;)Lcom/sun/tools/javac/tree/JCTree; @ 87
Event: 231.541 Thread 0x00007fe2cc009000 Uncommon trap: reason=class_check action=maybe_recompile pc=0x00007fe2bf6cc990 method=com.sun.tools.javac.comp.Lower.boxIfNeeded(Lcom/sun/tools/javac/tree/JCTree;Lcom/sun/tools/javac/code/Type;)Lcom/sun/tools/javac/tree/JCTree; @ 87
Event: 231.541 Thread 0x00007fe2cc009000 Uncommon trap: reason=class_check action=maybe_recompile pc=0x00007fe2bf6cc990 method=com.sun.tools.javac.comp.Lower.boxIfNeeded(Lcom/sun/tools/javac/tree/JCTree;Lcom/sun/tools/javac/code/Type;)Lcom/sun/tools/javac/tree/JCTree; @ 87
Event: 235.004 Thread 0x00007fe2cc009000 Uncommon trap: reason=null_check action=make_not_entrant pc=0x00007fe2bea27eb8 method=com.sun.tools.javac.processing.JavacProcessingEnvironment$ComputeAnnotationSet.scan(Ljavax/lang/model/element/Element;Ljava/util/Set;)Ljava/util/Set; @ 12

Internal exceptions (10 events):
Event: 235.491 Thread 0x00007fe2cc009000 Implicit null exception at 0x00007fe2bd629001 to 0x00007fe2bd62c398
Event: 235.491 Thread 0x00007fe2cc009000 Exception <a 'java/lang/NullPointerException'> (0x00000000a9900ba8) thrown at [/HUDSON3/workspace/8-2-build-linux-amd64/jdk8u101/7261/hotspot/src/share/vm/runtime/sharedRuntime.cpp, line 605]
Event: 235.491 Thread 0x00007fe2cc009000 Implicit null exception at 0x00007fe2bd629001 to 0x00007fe2bd62c398
Event: 235.491 Thread 0x00007fe2cc009000 Exception <a 'java/lang/NullPointerException'> (0x00000000a9900fa8) thrown at [/HUDSON3/workspace/8-2-build-linux-amd64/jdk8u101/7261/hotspot/src/share/vm/runtime/sharedRuntime.cpp, line 605]
Event: 235.491 Thread 0x00007fe2cc009000 Implicit null exception at 0x00007fe2bd629001 to 0x00007fe2bd62c398
Event: 235.491 Thread 0x00007fe2cc009000 Exception <a 'java/lang/NullPointerException'> (0x00000000a9901a98) thrown at [/HUDSON3/workspace/8-2-build-linux-amd64/jdk8u101/7261/hotspot/src/share/vm/runtime/sharedRuntime.cpp, line 605]
Event: 235.491 Thread 0x00007fe2cc009000 Implicit null exception at 0x00007fe2bd629001 to 0x00007fe2bd62c398
Event: 235.491 Thread 0x00007fe2cc009000 Exception <a 'java/lang/NullPointerException'> (0x00000000a9901e98) thrown at [/HUDSON3/workspace/8-2-build-linux-amd64/jdk8u101/7261/hotspot/src/share/vm/runtime/sharedRuntime.cpp, line 605]
Event: 235.491 Thread 0x00007fe2cc009000 Implicit null exception at 0x00007fe2bd629001 to 0x00007fe2bd62c398
Event: 235.491 Thread 0x00007fe2cc009000 Exception <a 'java/lang/NullPointerException'> (0x00000000a9902298) thrown at [/HUDSON3/workspace/8-2-build-linux-amd64/jdk8u101/7261/hotspot/src/share/vm/runtime/sharedRuntime.cpp, line 605]

Events (10 events):
Event: 235.549 Thread 0x00007fe2cda14000 Thread exited: 0x00007fe2cda14000
Event: 235.550 Thread 0x00007fe2cde82800 Thread exited: 0x00007fe2cde82800
Event: 235.558 Thread 0x00007fe2cde82800 Thread added: 0x00007fe2cde82800
Event: 235.558 Thread 0x00007fe2cda14000 Thread added: 0x00007fe2cda14000
Event: 235.559 Thread 0x00007fe2cde82800 Thread exited: 0x00007fe2cde82800
Event: 235.559 Thread 0x00007fe2cda14000 Thread exited: 0x00007fe2cda14000
Event: 235.563 Thread 0x00007fe2cde82800 Thread added: 0x00007fe2cde82800
Event: 235.566 Thread 0x00007fe2cda14000 Thread added: 0x00007fe2cda14000
Event: 235.566 Thread 0x00007fe2cde82800 Thread exited: 0x00007fe2cde82800
Event: 235.566 Executing VM operation: GenCollectForAllocation


Dynamic libraries:
00400000-00401000 r-xp 00000000 ca:01 145904                             /usr/java/jdk1.8.0_101/bin/java
00600000-00601000 rw-p 00000000 ca:01 145904                             /usr/java/jdk1.8.0_101/bin/java
01318000-01339000 rw-p 00000000 00:00 0                                  [heap]
a0000000-ac970000 rw-p 00000000 00:00 0 
ac970000-c0000000 ---p 00000000 00:00 0 
c0000000-d94ba000 rw-p 00000000 00:00 0 
e23a5000-100000000 ---p 00000000 00:00 0 
100000000-1006e0000 rw-p 00000000 00:00 0 
1006e0000-140000000 ---p 00000000 00:00 0 
7fe294000000-7fe294021000 rw-p 00000000 00:00 0 
7fe294021000-7fe298000000 ---p 00000000 00:00 0 
7fe29b000000-7fe29b1c0000 rw-p 00000000 00:00 0 
7fe29b1c0000-7fe29b200000 ---p 00000000 00:00 0 
7fe29b200000-7fe29b400000 rw-p 00000000 00:00 0 
7fe29b400000-7fe29b600000 rw-p 00000000 00:00 0 
7fe29b600000-7fe29b800000 rw-p 00000000 00:00 0 
7fe29b800000-7fe29ba00000 rw-p 00000000 00:00 0 
7fe29ba00000-7fe29bc00000 rw-p 00000000 00:00 0 
7fe29bc00000-7fe29be00000 rw-p 00000000 00:00 0 
7fe29be00000-7fe29c000000 rw-p 00000000 00:00 0 
7fe29c000000-7fe29ebba000 rw-p 00000000 00:00 0 
7fe29ebba000-7fe2a0000000 ---p 00000000 00:00 0 
7fe2a0000000-7fe2a10cb000 rw-p 00000000 00:00 0 
7fe2a10cb000-7fe2a4000000 ---p 00000000 00:00 0 
7fe2a4000000-7fe2a4021000 rw-p 00000000 00:00 0 
7fe2a4021000-7fe2a8000000 ---p 00000000 00:00 0 
7fe2a8161000-7fe2a8170000 r--s 000f5000 ca:01 282249                     /root/.m2/repository/org/projectlombok/lombok/1.12.6/lombok-1.12.6.jar
7fe2a817d000-7fe2a837d000 rw-p 00000000 00:00 0 
7fe2a837d000-7fe2a8573000 rw-p 00000000 00:00 0 
7fe2a8573000-7fe2a857d000 ---p 00000000 00:00 0 
7fe2a85e6000-7fe2a85e9000 ---p 00000000 00:00 0 
7fe2a85e9000-7fe2a881f000 rw-p 00000000 00:00 0                          [stack:27933]
7fe2a881f000-7fe2a8a1f000 rw-p 00000000 00:00 0 
7fe2a8a2f000-7fe2a8a30000 rw-p 00000000 00:00 0 
7fe2a8a30000-7fe2a8a34000 r--s 0002f000 ca:01 283657                     /root/.m2/repository/commons-lang/commons-lang/2.1/commons-lang-2.1.jar
7fe2a8a34000-7fe2a8a36000 r--s 00007000 ca:01 150812                     /root/.m2/repository/org/apache/maven/plugins/maven-jar-plugin/2.4/maven-jar-plugin-2.4.jar
7fe2a8a36000-7fe2a8a3b000 r--s 0003d000 ca:01 283181                     /root/.m2/repository/org/codehaus/plexus/plexus-utils/1.5.8/plexus-utils-1.5.8.jar
7fe2a8a3b000-7fe2a8a3c000 r--s 00007000 ca:01 410312                     /root/.m2/repository/org/codehaus/mojo/build-helper-maven-plugin/1.7/build-helper-maven-plugin-1.7.jar
7fe2a8a3c000-7fe2a8a3d000 r--s 00002000 ca:01 150293                     /root/.m2/repository/org/apache/maven/shared/maven-mapping/1.0/maven-mapping-1.0.jar
7fe2a8a3d000-7fe2a8c3d000 rw-p 00000000 00:00 0 
7fe2a8c3d000-7fe2a8cb5000 r--s 010d7000 ca:01 148325                     /usr/java/jdk1.8.0_101/lib/tools.jar
7fe2a8cb5000-7fe2a8eb5000 rw-p 00000000 00:00 0 
7fe2a8eb5000-7fe2a90b5000 rw-p 00000000 00:00 0 
7fe2a90b5000-7fe2a92b5000 rw-p 00000000 00:00 0 
7fe2a92b5000-7fe2a92b8000 ---p 00000000 00:00 0 
7fe2a92b8000-7fe2a93b6000 rw-p 00000000 00:00 0 
7fe2a93b6000-7fe2a93b9000 ---p 00000000 00:00 0 
7fe2a93b9000-7fe2a94b7000 rw-p 00000000 00:00 0                          [stack:28637]
7fe2a94b7000-7fe2a94ba000 ---p 00000000 00:00 0 
7fe2a94ba000-7fe2a95b8000 rw-p 00000000 00:00 0 
7fe2a95b8000-7fe2a95bb000 ---p 00000000 00:00 0 
7fe2a95bb000-7fe2a96b9000 rw-p 00000000 00:00 0 
7fe2a96b9000-7fe2a96cf000 r-xp 00000000 ca:01 262205                     /lib64/libresolv-2.17.so
7fe2a96cf000-7fe2a98cf000 ---p 00016000 ca:01 262205                     /lib64/libresolv-2.17.so
7fe2a98cf000-7fe2a98d0000 r--p 00016000 ca:01 262205                     /lib64/libresolv-2.17.so
7fe2a98d0000-7fe2a98d1000 rw-p 00017000 ca:01 262205                     /lib64/libresolv-2.17.so
7fe2a98d1000-7fe2a98d3000 rw-p 00000000 00:00 0 
7fe2a98d3000-7fe2a98d8000 r-xp 00000000 ca:01 262193                     /lib64/libnss_dns-2.17.so
7fe2a98d8000-7fe2a9ad7000 ---p 00005000 ca:01 262193                     /lib64/libnss_dns-2.17.so
7fe2a9ad7000-7fe2a9ad8000 r--p 00004000 ca:01 262193                     /lib64/libnss_dns-2.17.so
7fe2a9ad8000-7fe2a9ad9000 rw-p 00005000 ca:01 262193                     /lib64/libnss_dns-2.17.so
7fe2a9ad9000-7fe2b0000000 r--p 00000000 ca:01 3600                       /usr/lib/locale/locale-archive
7fe2b0000000-7fe2b0021000 rw-p 00000000 00:00 0 
7fe2b0021000-7fe2b4000000 ---p 00000000 00:00 0 
7fe2b4000000-7fe2b4021000 rw-p 00000000 00:00 0 
7fe2b4021000-7fe2b8000000 ---p 00000000 00:00 0 
7fe2b8000000-7fe2b8af8000 rw-p 00000000 00:00 0 
7fe2b8af8000-7fe2bc000000 ---p 00000000 00:00 0 
7fe2bc000000-7fe2bc002000 r--s 0000b000 ca:01 150291                     /root/.m2/repository/org/apache/maven/shared/maven-filtering/1.3/maven-filtering-1.3.jar
7fe2bc002000-7fe2bc004000 r--s 00005000 ca:01 281976                     /root/.m2/repository/xpp3/xpp3_min/1.1.4c/xpp3_min-1.1.4c.jar
7fe2bc004000-7fe2bc005000 r--s 00001000 ca:01 281974                     /root/.m2/repository/xmlpull/xmlpull/1.1.3.1/xmlpull-1.1.3.1.jar
7fe2bc005000-7fe2bc012000 r--s 0006a000 ca:01 281972                     /root/.m2/repository/com/thoughtworks/xstream/xstream/1.4.4/xstream-1.4.4.jar
7fe2bc012000-7fe2bc015000 r--s 0000d000 ca:01 409332                     /root/.m2/repository/org/codehaus/plexus/plexus-interpolation/1.21/plexus-interpolation-1.21.jar
7fe2bc015000-7fe2bc019000 r--s 00011000 ca:01 409330                     /root/.m2/repository/org/codehaus/plexus/plexus-io/2.4.1/plexus-io-2.4.1.jar
7fe2bc019000-7fe2bc01b000 r--s 00014000 ca:01 150280                     /root/.m2/repository/org/apache/maven/plugins/maven-war-plugin/2.6/maven-war-plugin-2.6.jar
7fe2bc01b000-7fe2bc022000 r--s 00056000 ca:01 281795                     /root/.m2/repository/org/apache/commons/commons-compress/1.9/commons-compress-1.9.jar
7fe2bc022000-7fe2bc026000 r--s 00027000 ca:01 281793                     /root/.m2/repository/commons-io/commons-io/2.2/commons-io-2.2.jar
7fe2bc026000-7fe2bc029000 r--s 00011000 ca:01 409110                     /root/.m2/repository/org/codehaus/plexus/plexus-io/2.4/plexus-io-2.4.jar
7fe2bc029000-7fe2bc02d000 r--s 00020000 ca:01 409108                     /root/.m2/repository/org/codehaus/plexus/plexus-archiver/2.9/plexus-archiver-2.9.jar
7fe2bc02d000-7fe2bc02e000 r--s 00005000 ca:01 149844                     /root/.m2/repository/org/apache/maven/maven-archiver/2.6/maven-archiver-2.6.jar
7fe2bc02e000-7fe2bc030000 r--s 00005000 ca:01 281699                     /root/.m2/repository/org/apache/maven/plugins/maven-jar-plugin/2.6/maven-jar-plugin-2.6.jar
7fe2bc030000-7fe2bc032000 r--s 00002000 ca:01 149841                     /root/.m2/repository/org/apache/maven/plugin-tools/maven-plugin-annotations/3.3/maven-plugin-annotations-3.3.jar
7fe2bc032000-7fe2bc037000 r--s 00020000 ca:01 149837                     /root/.m2/repository/org/apache/maven/surefire/surefire-api/2.18.1/surefire-api-2.18.1.jar
7fe2bc037000-7fe2bc03d000 r--s 00048000 ca:01 149835                     /root/.m2/repository/org/apache/commons/commons-lang3/3.1/commons-lang3-3.1.jar
7fe2bc03d000-7fe2bc03e000 r--s 00002000 ca:01 149833                     /root/.m2/repository/org/apache/maven/reporting/maven-reporting-api/3.0/maven-reporting-api-3.0.jar
7fe2bc03e000-7fe2bc040000 r--s 00008000 ca:01 149831                     /root/.m2/repository/org/apache/maven/surefire/surefire-booter/2.18.1/surefire-booter-2.18.1.jar
7fe2bc040000-7fe2bc046000 r--s 0003e000 ca:01 409091                     /root/.m2/repository/org/apache/maven/surefire/maven-surefire-common/2.18.1/maven-surefire-common-2.18.1.jar
7fe2bc046000-7fe2bc048000 r--s 00008000 ca:01 281692                     /root/.m2/repository/org/apache/maven/plugins/maven-surefire-plugin/2.18.1/maven-surefire-plugin-2.18.1.jar
7fe2bc048000-7fe2bc04b000 r--s 0001b000 ca:01 281776                     /root/.m2/repository/junit/junit/3.8.2/junit-3.8.2.jar
7fe2bc04b000-7fe2bc059000 r--s 0008f000 ca:01 281769                     /root/.m2/repository/com/google/collections/google-collections/1.0/google-collections-1.0.jar
7fe2bc059000-7fe2bc05a000 r--s 0000a000 ca:01 409054                     /root/.m2/repository/commons-logging/commons-logging-api/1.1/commons-logging-api-1.1.jar
7fe2bc05a000-7fe2bc061000 r--s 00051000 ca:01 409048                     /root/.m2/repository/log4j/log4j/1.2.12/log4j-1.2.12.jar
7fe2bc061000-7fe2bc065000 r--s 0001d000 ca:01 409046                     /root/.m2/repository/org/apache/xbean/xbean-reflect/3.4/xbean-reflect-3.4.jar
7fe2bc065000-7fe2bc066000 r--s 00004000 ca:01 281775                     /root/.m2/repository/org/codehaus/plexus/plexus-compiler-javac/2.5/plexus-compiler-javac-2.5.jar
7fe2bc066000-7fe2bc068000 r--s 00000000 ca:01 281770                     /root/.m2/repository/org/codehaus/plexus/plexus-compiler-manager/2.5/plexus-compiler-manager-2.5.jar
7fe2bc068000-7fe2bc06a000 r--s 00005000 ca:01 281768                     /root/.m2/repository/org/codehaus/plexus/plexus-compiler-api/2.5/plexus-compiler-api-2.5.jar
7fe2bc06a000-7fe2bc06c000 r--s 00002000 ca:01 149800                     /root/.m2/repository/org/apache/maven/shared/maven-shared-incremental/1.1/maven-shared-incremental-1.1.jar
7fe2bc06c000-7fe2bc070000 r--s 00034000 ca:01 281766                     /root/.m2/repository/org/codehaus/plexus/plexus-utils/1.5.15/plexus-utils-1.5.15.jar
7fe2bc070000-7fe2bc072000 r--s 0000a000 ca:01 149741                     /root/.m2/repository/org/apache/maven/plugins/maven-compiler-plugin/3.3/maven-compiler-plugin-3.3.jar
7fe2bc072000-7fe2bc075000 r--s 0000d000 ca:01 409037                     /root/.m2/repository/org/codehaus/plexus/plexus-interpolation/1.19/plexus-interpolation-1.19.jar
7fe2bc075000-7fe2bc078000 r--s 00023000 ca:01 149782                     /root/.m2/repository/org/apache/maven/shared/maven-shared-utils/0.3/maven-shared-utils-0.3.jar
7fe2bc078000-7fe2bc07a000 r--s 00009000 ca:01 149780                     /root/.m2/repository/org/apache/maven/shared/maven-filtering/1.2/maven-filtering-1.2.jar
7fe2bc07a000-7fe2bc07d000 ---p 00000000 00:00 0 
7fe2bc07d000-7fe2bc17b000 rw-p 00000000 00:00 0 
7fe2bc17b000-7fe2bc18c000 r-xp 00000000 ca:01 146682                     /usr/java/jdk1.8.0_101/jre/lib/amd64/libnio.so
7fe2bc18c000-7fe2bc38b000 ---p 00011000 ca:01 146682                     /usr/java/jdk1.8.0_101/jre/lib/amd64/libnio.so
7fe2bc38b000-7fe2bc38c000 rw-p 00010000 ca:01 146682                     /usr/java/jdk1.8.0_101/jre/lib/amd64/libnio.so
7fe2bc38c000-7fe2bc3a2000 r-xp 00000000 ca:01 146681                     /usr/java/jdk1.8.0_101/jre/lib/amd64/libnet.so
7fe2bc3a2000-7fe2bc5a2000 ---p 00016000 ca:01 146681                     /usr/java/jdk1.8.0_101/jre/lib/amd64/libnet.so
7fe2bc5a2000-7fe2bc5a3000 rw-p 00016000 ca:01 146681                     /usr/java/jdk1.8.0_101/jre/lib/amd64/libnet.so
7fe2bc5a3000-7fe2bc7a3000 rw-p 00000000 00:00 0 
7fe2bc7a3000-7fe2bc7b8000 r-xp 00000000 ca:01 262169                     /lib64/libgcc_s-4.8.3-20140911.so.1
7fe2bc7b8000-7fe2bc9b8000 ---p 00015000 ca:01 262169                     /lib64/libgcc_s-4.8.3-20140911.so.1
7fe2bc9b8000-7fe2bc9b9000 rw-p 00015000 ca:01 262169                     /lib64/libgcc_s-4.8.3-20140911.so.1
7fe2bc9b9000-7fe2bc9eb000 r-xp 00000000 ca:01 146692                     /usr/java/jdk1.8.0_101/jre/lib/amd64/libsunec.so
7fe2bc9eb000-7fe2bcbea000 ---p 00032000 ca:01 146692                     /usr/java/jdk1.8.0_101/jre/lib/amd64/libsunec.so
7fe2bcbea000-7fe2bcbf0000 rw-p 00031000 ca:01 146692                     /usr/java/jdk1.8.0_101/jre/lib/amd64/libsunec.so
7fe2bcbf0000-7fe2bce00000 rw-p 00000000 00:00 0 
7fe2bce00000-7fe2bd000000 rw-p 00000000 00:00 0 
7fe2bd000000-7fe2bfe80000 rwxp 00000000 00:00 0 
7fe2bfe80000-7fe2cc000000 ---p 00000000 00:00 0 
7fe2cc000000-7fe2cdfec000 rw-p 00000000 00:00 0 
7fe2cdfec000-7fe2d0000000 ---p 00000000 00:00 0 
7fe2d0000000-7fe2d0001000 r--s 00001000 ca:01 281743                     /root/.m2/repository/org/sonatype/plexus/plexus-build-api/0.0.4/plexus-build-api-0.0.4.jar
7fe2d0001000-7fe2d0002000 r--s 00007000 ca:01 149730                     /root/.m2/repository/org/apache/maven/plugins/maven-resources-plugin/2.7/maven-resources-plugin-2.7.jar
7fe2d0002000-7fe2d0006000 r--s 00038000 ca:01 281686                     /root/.m2/repository/org/codehaus/plexus/plexus-utils/3.0.18/plexus-utils-3.0.18.jar
7fe2d0006000-7fe2d000d000 r--s 00053000 ca:01 281684                     /root/.m2/repository/org/apache/commons/commons-compress/1.8.1/commons-compress-1.8.1.jar
7fe2d000d000-7fe2d0010000 r--s 0000e000 ca:01 408993                     /root/.m2/repository/org/codehaus/plexus/plexus-io/2.1.3/plexus-io-2.1.3.jar
7fe2d0010000-7fe2d0014000 r--s 0001d000 ca:01 149718                     /root/.m2/repository/org/codehaus/plexus/plexus-archiver/2.6.3/plexus-archiver-2.6.3.jar
7fe2d0014000-7fe2d0015000 r--s 00007000 ca:01 149708                     /root/.m2/repository/org/apache/maven/plugins/maven-source-plugin/2.4/maven-source-plugin-2.4.jar
7fe2d0015000-7fe2d0019000 r--s 00037000 ca:01 281668                     /root/.m2/repository/org/codehaus/plexus/plexus-utils/3.0.15/plexus-utils-3.0.15.jar
7fe2d0019000-7fe2d001c000 r--s 00023000 ca:01 149696                     /root/.m2/repository/org/apache/maven/shared/maven-shared-utils/0.4/maven-shared-utils-0.4.jar
7fe2d001c000-7fe2d0022000 r--s 00033000 ca:01 408963                     /root/.m2/repository/commons-codec/commons-codec/1.6/commons-codec-1.6.jar
7fe2d0022000-7fe2d0024000 r--s 00007000 ca:01 149462                     /root/.m2/repository/org/apache/maven/plugins/maven-install-plugin/2.5.2/maven-install-plugin-2.5.2.jar
7fe2d0024000-7fe2d0026000 r--s 00009000 ca:01 149679                     /root/.m2/repository/org/hamcrest/hamcrest-core/1.3/hamcrest-core-1.3.jar
7fe2d0026000-7fe2d002c000 r--s 00036000 ca:01 281642                     /root/.m2/repository/junit/junit/4.11/junit-4.11.jar
7fe2d002c000-7fe2d002f000 r--s 0000c000 ca:01 408955                     /root/.m2/repository/org/codehaus/plexus/plexus-io/2.0.4/plexus-io-2.0.4.jar
7fe2d002f000-7fe2d0034000 r--s 00029000 ca:01 408953                     /root/.m2/repository/org/codehaus/plexus/plexus-archiver/2.2/plexus-archiver-2.2.jar
7fe2d0034000-7fe2d0036000 r--s 00007000 ca:01 408949                     /root/.m2/repository/org/apache/maven/plugin-testing/maven-plugin-testing-harness/1.3/maven-plugin-testing-harness-1.3.jar
7fe2d0036000-7fe2d0037000 r--s 00002000 ca:01 408947                     /root/.m2/repository/org/codehaus/plexus/plexus-i18n/1.0-beta-6/plexus-i18n-1.0-beta-6.jar
7fe2d0037000-7fe2d003b000 r--s 0001d000 ca:01 281641                     /root/.m2/repository/org/eclipse/aether/aether-util/0.9.0.M2/aether-util-0.9.0.M2.jar
7fe2d003b000-7fe2d003d000 r--s 00000000 ca:01 408942                     /root/.m2/repository/org/codehaus/plexus/plexus-component-annotations/1.5.5/plexus-component-annotations-1.5.5.jar
7fe2d003d000-7fe2d0040000 r--s 0000d000 ca:01 149687                     /root/.m2/repository/org/apache/maven/shared/maven-dependency-tree/2.2/maven-dependency-tree-2.2.jar
7fe2d0040000-7fe2d0045000 r--s 00040000 ca:01 149682                     /root/.m2/repository/org/beanshell/bsh/2.0b4/bsh-2.0b4.jar
7fe2d0045000-7fe2d0047000 r--s 00006000 ca:01 149680                     /root/.m2/repository/org/apache/maven/shared/maven-common-artifact-filters/1.4/maven-common-artifact-filters-1.4.jar
7fe2d0047000-7fe2d004a000 r--s 00016000 ca:01 149641                     /root/.m2/repository/org/apache/maven/enforcer/enforcer-rules/1.4/enforcer-rules-1.4.jar
7fe2d004a000-7fe2d004b000 r--s 00002000 ca:01 149678                     /root/.m2/repository/org/apache/maven/enforcer/enforcer-api/1.4/enforcer-api-1.4.jar
7fe2d004b000-7fe2d004f000 r--s 00038000 ca:01 281640                     /root/.m2/repository/commons-lang/commons-lang/2.3/commons-lang-2.3.jar
7fe2d004f000-7fe2d0053000 r--s 00038000 ca:01 281636                     /root/.m2/repository/org/codehaus/plexus/plexus-utils/3.0.20/plexus-utils-3.0.20.jar
7fe2d0053000-7fe2d0055000 r--s 00002000 ca:01 281635                     /root/.m2/repository/org/sonatype/plexus/plexus-cipher/1.4/plexus-cipher-1.4.jar
7fe2d0055000-7fe2d0056000 r--s 00006000 ca:01 281633                     /root/.m2/repository/org/sonatype/plexus/plexus-sec-dispatcher/1.3/plexus-sec-dispatcher-1.3.jar
7fe2d0056000-7fe2d0058000 r--s 00009000 ca:01 281630                     /root/.m2/repository/commons-cli/commons-cli/1.2/commons-cli-1.2.jar
7fe2d0058000-7fe2d0059000 r--s 00002000 ca:01 149669                     /root/.m2/repository/org/apache/maven/doxia/doxia-logging-api/1.1/doxia-logging-api-1.1.jar
7fe2d0059000-7fe2d005b000 r--s 00002000 ca:01 149668                     /root/.m2/repository/org/apache/maven/doxia/doxia-sink-api/1.1/doxia-sink-api-1.1.jar
7fe2d005b000-7fe2d005c000 r--s 00002000 ca:01 149662                     /root/.m2/repository/org/apache/maven/reporting/maven-reporting-api/2.2.1/maven-reporting-api-2.2.1.jar
7fe2d005c000-7fe2d005e000 r--s 00003000 ca:01 149660                     /root/.m2/repository/org/slf4j/jcl-over-slf4j/1.5.6/jcl-over-slf4j-1.5.6.jar
7fe2d005e000-7fe2d0060000 r--s 00001000 ca:01 149657                     /root/.m2/repository/org/slf4j/slf4j-jdk14/1.5.6/slf4j-jdk14-1.5.6.jar
7fe2d0060000-7fe2d0062000 r--s 0000b000 ca:01 408943                     /root/.m2/repository/org/codehaus/plexus/plexus-interpolation/1.11/plexus-interpolation-1.11.jar
7fe2d0062000-7fe2d006a000 r--s 00049000 ca:01 408941                     /root/.m2/repository/backport-util-concurrent/backport-util-concurrent/3.1/backport-util-concurrent-3.1.jar
7fe2d006a000-7fe2d006b000 r--s 00007000 ca:01 149439                     /root/.m2/repository/org/apache/maven/plugins/maven-enforcer-plugin/1.4/maven-enforcer-plugin-1.4.jar
7fe2d006b000-7fe2d006e000 r--s 00027000 ca:01 281561                     /root/.m2/repository/org/codehaus/plexus/plexus-utils/1.1/plexus-utils-1.1.jar
7fe2d006e000-7fe2d0070000 r--s 00006000 ca:01 281558                     /root/.m2/repository/com/google/code/findbugs/jsr305/2.0.1/jsr305-2.0.1.jar
7fe2d0070000-7fe2d0074000 r--s 00026000 ca:01 149494                     /root/.m2/repository/org/apache/maven/shared/maven-shared-utils/0.7/maven-shared-utils-0.7.jar
7fe2d0074000-7fe2d0076000 r--s 00006000 ca:01 149451                     /root/.m2/repository/org/apache/maven/plugins/maven-clean-plugin/2.6.1/maven-clean-plugin-2.6.1.jar
7fe2d0076000-7fe2d0078000 r--s 0000d000 ca:01 408818                     /root/.m2/repository/org/codehaus/plexus/plexus-interpolation/1.15/plexus-interpolation-1.15.jar
7fe2d0078000-7fe2d007b000 r--s 0000c000 ca:01 408816                     /root/.m2/repository/org/codehaus/plexus/plexus-io/2.0.2/plexus-io-2.0.2.jar
7fe2d007b000-7fe2d0080000 r--s 00029000 ca:01 408813                     /root/.m2/repository/org/codehaus/plexus/plexus-archiver/2.1/plexus-archiver-2.1.jar
7fe2d0080000-7fe2d0082000 r--s 00002000 ca:01 408809                     /root/.m2/repository/org/codehaus/plexus/plexus-interactivity-api/1.0-alpha-4/plexus-interactivity-api-1.0-alpha-4.jar
7fe2d0082000-7fe2d0084000 r--s 00006000 ca:01 281511                     /root/.m2/repository/commons-cli/commons-cli/1.0/commons-cli-1.0.jar
7fe2d0084000-7fe2d0087000 r--s 0001b000 ca:01 281509                     /root/.m2/repository/junit/junit/3.8.1/junit-3.8.1.jar
7fe2d0087000-7fe2d0088000 r--s 00001000 ca:01 149412                     /root/.m2/repository/org/apache/maven/doxia/doxia-sink-api/1.0-alpha-7/doxia-sink-api-1.0-alpha-7.jar
7fe2d0088000-7fe2d0089000 r--s 00002000 ca:01 149405                     /root/.m2/repository/org/apache/maven/reporting/maven-reporting-api/2.0.6/maven-reporting-api-2.0.6.jar
7fe2d0089000-7fe2d008b000 r--s 00004000 ca:01 149393                     /root/.m2/repository/org/apache/maven/maven-archiver/2.5/maven-archiver-2.5.jar
7fe2d008b000-7fe2d008d000 r--s 00009000 ca:01 149391                     /root/.m2/repository/org/sakaiproject/maven/plugins/sakai/1.4.3/sakai-1.4.3.jar
7fe2d008d000-7fe2d008e000 r--s 00002000 ca:01 408763                     /root/.m2/repository/org/codehaus/plexus/plexus-interactivity-api/1.0-alpha-6/plexus-interactivity-api-1.0-alpha-6.jar
7fe2d008e000-7fe2d0090000 r--s 00005000 ca:01 408761                     /root/.m2/repository/org/apache/maven/wagon/wagon-ssh-common/2.0/wagon-ssh-common-2.0.jar
7fe2d0090000-7fe2d0094000 r--s 00034000 ca:01 281470                     /root/.m2/repository/org/codehaus/plexus/plexus-utils/3.0/plexus-utils-3.0.jar
7fe2d0094000-7fe2d0095000 r--s 00003000 ca:01 281468                     /root/.m2/repository/org/apache/maven/wagon/wagon-ssh-external/2.0/wagon-ssh-external-2.0.jar
7fe2d0095000-7fe2d0096000 r--s 00009000 ca:01 146831                     /usr/java/jdk1.8.0_101/jre/lib/ext/sunec.jar
7fe2d0096000-7fe2d0098000 r--s 0001a000 ca:01 146876                     /usr/java/jdk1.8.0_101/jre/lib/jce.jar
7fe2d0098000-7fe2d009d000 r--s 00096000 ca:01 146947                     /usr/java/jdk1.8.0_101/jre/lib/jsse.jar
7fe2d009d000-7fe2d029d000 rw-p 00000000 00:00 0 
7fe2d029d000-7fe2d049d000 rw-p 00000000 00:00 0 
7fe2d049d000-7fe2d049f000 r--s 00009000 ca:01 148974                     /usr/share/apache-maven/lib/maven-settings-3.3.9.jar
7fe2d049f000-7fe2d04a6000 r--s 00063000 ca:01 148943                     /usr/share/apache-maven/lib/commons-lang3-3.4.jar
7fe2d04a6000-7fe2d04a7000 r--s 00006000 ca:01 148972                     /usr/share/apache-maven/lib/maven-repository-metadata-3.3.9.jar
7fe2d04a7000-7fe2d04a9000 r--s 00002000 ca:01 148982                     /usr/share/apache-maven/lib/plexus-cipher-1.7.jar
7fe2d04a9000-7fe2d04ad000 r--s 00027000 ca:01 148929                     /usr/share/apache-maven/lib/aether-impl-1.0.2.v20150114.jar
7fe2d04ad000-7fe2d04af000 r--s 0000a000 ca:01 148970                     /usr/share/apache-maven/lib/maven-plugin-api-3.3.9.jar
7fe2d04af000-7fe2d04b1000 r--s 0000b000 ca:01 148999                     /usr/share/apache-maven/lib/wagon-provider-api-2.10.jar
7fe2d04b1000-7fe2d04b6000 r--s 00026000 ca:01 148967                     /usr/share/apache-maven/lib/maven-model-builder-3.3.9.jar
7fe2d04b6000-7fe2d04e1000 r--s 001f5000 ca:01 148947                     /usr/share/apache-maven/lib/guava-18.0.jar
7fe2d04e1000-7fe2d04e2000 r--s 00002000 ca:01 148991                     /usr/share/apache-maven/lib/slf4j-simple-1.7.5.jar
7fe2d04e2000-7fe2d04e5000 r--s 00008000 ca:01 148938                     /usr/share/apache-maven/lib/cdi-api-1.0.jar
7fe2d04e5000-7fe2d04e6000 r--s 00000000 ca:01 148949                     /usr/share/apache-maven/lib/javax.inject-1.jar
7fe2d04e6000-7fe2d04ec000 r--s 00042000 ca:01 148950                     /usr/share/apache-maven/lib/jsoup-1.7.2.jar
7fe2d04ec000-7fe2d04ee000 r--s 00000000 ca:01 148984                     /usr/share/apache-maven/lib/plexus-component-annotations-1.6.jar
7fe2d04ee000-7fe2d04f1000 r--s 00013000 ca:01 148964                     /usr/share/apache-maven/lib/maven-embedder-3.3.9.jar
7fe2d04f1000-7fe2d04f6000 r--s 0001d000 ca:01 148925                     /usr/share/apache-maven/lib/aether-api-1.0.2.v20150114.jar
7fe2d04f6000-7fe2d04f9000 r--s 00025000 ca:01 148966                     /usr/share/apache-maven/lib/maven-model-3.3.9.jar
7fe2d04f9000-7fe2d04fd000 r--s 00038000 ca:01 148988                     /usr/share/apache-maven/lib/plexus-utils-3.0.22.jar
7fe2d04fd000-7fe2d0506000 r--s 0005f000 ca:01 148948                     /usr/share/apache-maven/lib/guice-4.0-no_aop.jar
7fe2d0506000-7fe2d0508000 r--s 00009000 ca:01 148940                     /usr/share/apache-maven/lib/commons-cli-1.2.jar
7fe2d0508000-7fe2d0509000 r--s 00001000 ca:01 148952                     /usr/share/apache-maven/lib/jsr250-api-1.0.jar
7fe2d0509000-7fe2d050b000 r--s 00009000 ca:01 148975                     /usr/share/apache-maven/lib/maven-settings-builder-3.3.9.jar
7fe2d050b000-7fe2d0512000 r--s 00040000 ca:01 148960                     /usr/share/apache-maven/lib/maven-compat-3.3.9.jar
7fe2d0512000-7fe2d0513000 r--s 00006000 ca:01 148986                     /usr/share/apache-maven/lib/plexus-sec-dispatcher-1.3.jar
7fe2d0513000-7fe2d0519000 r--s 0002d000 ca:01 148980                     /usr/share/apache-maven/lib/org.eclipse.sisu.plexus-0.3.2.jar
7fe2d0519000-7fe2d051b000 r--s 00000000 ca:01 148937                     /usr/share/apache-maven/lib/aopalliance-1.0.jar
7fe2d051b000-7fe2d051d000 r--s 00005000 ca:01 148989                     /usr/share/apache-maven/lib/slf4j-api-1.7.5.jar
7fe2d051d000-7fe2d0525000 r--s 00055000 ca:01 148978                     /usr/share/apache-maven/lib/org.eclipse.sisu.inject-0.3.2.jar
7fe2d0525000-7fe2d0528000 r--s 0000b000 ca:01 148956                     /usr/share/apache-maven/lib/maven-artifact-3.3.9.jar
7fe2d0528000-7fe2d0556000 r--s 001f3000 ca:01 148995                     /usr/share/apache-maven/lib/wagon-http-2.10-shaded.jar
7fe2d0556000-7fe2d055b000 r--s 00041000 ca:01 148942                     /usr/share/apache-maven/lib/commons-lang-2.6.jar
7fe2d055b000-7fe2d055d000 r--s 00005000 ca:01 148933                     /usr/share/apache-maven/lib/aether-transport-wagon-1.0.2.v20150114.jar
7fe2d055d000-7fe2d0561000 r--s 00020000 ca:01 148935                     /usr/share/apache-maven/lib/aether-util-1.0.2.v20150114.jar
7fe2d0561000-7fe2d0562000 ---p 00000000 00:00 0 
7fe2d0562000-7fe2d0662000 rw-p 00000000 00:00 0                          [stack:27855]
7fe2d0662000-7fe2d0665000 ---p 00000000 00:00 0 
7fe2d0665000-7fe2d0763000 rw-p 00000000 00:00 0                          [stack:27854]
7fe2d0763000-7fe2d0766000 ---p 00000000 00:00 0 
7fe2d0766000-7fe2d0864000 rw-p 00000000 00:00 0                          [stack:27853]
7fe2d0864000-7fe2d0867000 ---p 00000000 00:00 0 
7fe2d0867000-7fe2d0965000 rw-p 00000000 00:00 0                          [stack:27852]
7fe2d0965000-7fe2d0968000 ---p 00000000 00:00 0 
7fe2d0968000-7fe2d0a66000 rw-p 00000000 00:00 0                          [stack:27851]
7fe2d0a66000-7fe2d0a69000 ---p 00000000 00:00 0 
7fe2d0a69000-7fe2d0b67000 rw-p 00000000 00:00 0                          [stack:27850]
7fe2d0b67000-7fe2d0b6a000 ---p 00000000 00:00 0 
7fe2d0b6a000-7fe2d0c68000 rw-p 00000000 00:00 0                          [stack:27849]
7fe2d0c68000-7fe2d0c69000 ---p 00000000 00:00 0 
7fe2d0c69000-7fe2d0d69000 rw-p 00000000 00:00 0                          [stack:27848]
7fe2d0d69000-7fe2d0f42000 r--s 03ce1000 ca:01 146714                     /usr/java/jdk1.8.0_101/jre/lib/rt.jar
7fe2d0f42000-7fe2d1883000 rw-p 00000000 00:00 0 
7fe2d1883000-7fe2d19b9000 ---p 00000000 00:00 0 
7fe2d19b9000-7fe2d1a1e000 rw-p 00000000 00:00 0 
7fe2d1a1e000-7fe2d1ab9000 ---p 00000000 00:00 0 
7fe2d1ab9000-7fe2d1b84000 rw-p 00000000 00:00 0 
7fe2d1b84000-7fe2d1cb9000 ---p 00000000 00:00 0 
7fe2d1cb9000-7fe2d1d74000 rw-p 00000000 00:00 0 
7fe2d1d74000-7fe2d207a000 ---p 00000000 00:00 0 
7fe2d207a000-7fe2d2094000 r-xp 00000000 ca:01 146696                     /usr/java/jdk1.8.0_101/jre/lib/amd64/libzip.so
7fe2d2094000-7fe2d2294000 ---p 0001a000 ca:01 146696                     /usr/java/jdk1.8.0_101/jre/lib/amd64/libzip.so
7fe2d2294000-7fe2d2295000 rw-p 0001a000 ca:01 146696                     /usr/java/jdk1.8.0_101/jre/lib/amd64/libzip.so
7fe2d2295000-7fe2d22a1000 r-xp 00000000 ca:01 262195                     /lib64/libnss_files-2.17.so
7fe2d22a1000-7fe2d24a0000 ---p 0000c000 ca:01 262195                     /lib64/libnss_files-2.17.so
7fe2d24a0000-7fe2d24a1000 r--p 0000b000 ca:01 262195                     /lib64/libnss_files-2.17.so
7fe2d24a1000-7fe2d24a2000 rw-p 0000c000 ca:01 262195                     /lib64/libnss_files-2.17.so
7fe2d24a2000-7fe2d24a8000 rw-p 00000000 00:00 0 
7fe2d24a8000-7fe2d24d2000 r-xp 00000000 ca:01 146660                     /usr/java/jdk1.8.0_101/jre/lib/amd64/libjava.so
7fe2d24d2000-7fe2d26d2000 ---p 0002a000 ca:01 146660                     /usr/java/jdk1.8.0_101/jre/lib/amd64/libjava.so
7fe2d26d2000-7fe2d26d4000 rw-p 0002a000 ca:01 146660                     /usr/java/jdk1.8.0_101/jre/lib/amd64/libjava.so
7fe2d26d4000-7fe2d26e1000 r-xp 00000000 ca:01 146695                     /usr/java/jdk1.8.0_101/jre/lib/amd64/libverify.so
7fe2d26e1000-7fe2d28e1000 ---p 0000d000 ca:01 146695                     /usr/java/jdk1.8.0_101/jre/lib/amd64/libverify.so
7fe2d28e1000-7fe2d28e3000 rw-p 0000d000 ca:01 146695                     /usr/java/jdk1.8.0_101/jre/lib/amd64/libverify.so
7fe2d28e3000-7fe2d28ea000 r-xp 00000000 ca:01 262207                     /lib64/librt-2.17.so
7fe2d28ea000-7fe2d2ae9000 ---p 00007000 ca:01 262207                     /lib64/librt-2.17.so
7fe2d2ae9000-7fe2d2aea000 r--p 00006000 ca:01 262207                     /lib64/librt-2.17.so
7fe2d2aea000-7fe2d2aeb000 rw-p 00007000 ca:01 262207                     /lib64/librt-2.17.so
7fe2d2aeb000-7fe2d2bec000 r-xp 00000000 ca:01 262185                     /lib64/libm-2.17.so
7fe2d2bec000-7fe2d2deb000 ---p 00101000 ca:01 262185                     /lib64/libm-2.17.so
7fe2d2deb000-7fe2d2dec000 r--p 00100000 ca:01 262185                     /lib64/libm-2.17.so
7fe2d2dec000-7fe2d2ded000 rw-p 00101000 ca:01 262185                     /lib64/libm-2.17.so
7fe2d2ded000-7fe2d3ab8000 r-xp 00000000 ca:01 146700                     /usr/java/jdk1.8.0_101/jre/lib/amd64/server/libjvm.so
7fe2d3ab8000-7fe2d3cb7000 ---p 00ccb000 ca:01 146700                     /usr/java/jdk1.8.0_101/jre/lib/amd64/server/libjvm.so
7fe2d3cb7000-7fe2d3d90000 rw-p 00cca000 ca:01 146700                     /usr/java/jdk1.8.0_101/jre/lib/amd64/server/libjvm.so
7fe2d3d90000-7fe2d3ddb000 rw-p 00000000 00:00 0 
7fe2d3ddb000-7fe2d3f92000 r-xp 00000000 ca:01 262177                     /lib64/libc-2.17.so
7fe2d3f92000-7fe2d4192000 ---p 001b7000 ca:01 262177                     /lib64/libc-2.17.so
7fe2d4192000-7fe2d4196000 r--p 001b7000 ca:01 262177                     /lib64/libc-2.17.so
7fe2d4196000-7fe2d4198000 rw-p 001bb000 ca:01 262177                     /lib64/libc-2.17.so
7fe2d4198000-7fe2d419d000 rw-p 00000000 00:00 0 
7fe2d419d000-7fe2d41a0000 r-xp 00000000 ca:01 262183                     /lib64/libdl-2.17.so
7fe2d41a0000-7fe2d439f000 ---p 00003000 ca:01 262183                     /lib64/libdl-2.17.so
7fe2d439f000-7fe2d43a0000 r--p 00002000 ca:01 262183                     /lib64/libdl-2.17.so
7fe2d43a0000-7fe2d43a1000 rw-p 00003000 ca:01 262183                     /lib64/libdl-2.17.so
7fe2d43a1000-7fe2d43b6000 r-xp 00000000 ca:01 146967                     /usr/java/jdk1.8.0_101/lib/amd64/jli/libjli.so
7fe2d43b6000-7fe2d45b6000 ---p 00015000 ca:01 146967                     /usr/java/jdk1.8.0_101/lib/amd64/jli/libjli.so
7fe2d45b6000-7fe2d45b7000 rw-p 00015000 ca:01 146967                     /usr/java/jdk1.8.0_101/lib/amd64/jli/libjli.so
7fe2d45b7000-7fe2d45cd000 r-xp 00000000 ca:01 262203                     /lib64/libpthread-2.17.so
7fe2d45cd000-7fe2d47cd000 ---p 00016000 ca:01 262203                     /lib64/libpthread-2.17.so
7fe2d47cd000-7fe2d47ce000 r--p 00016000 ca:01 262203                     /lib64/libpthread-2.17.so
7fe2d47ce000-7fe2d47cf000 rw-p 00017000 ca:01 262203                     /lib64/libpthread-2.17.so
7fe2d47cf000-7fe2d47d3000 rw-p 00000000 00:00 0 
7fe2d47d3000-7fe2d47f4000 r-xp 00000000 ca:01 262170                     /lib64/ld-2.17.so
7fe2d47f4000-7fe2d47f5000 r--s 00002000 ca:01 148996                     /usr/share/apache-maven/lib/wagon-http-shared-2.10.jar
7fe2d47f5000-7fe2d47f8000 r--s 0000d000 ca:01 148985                     /usr/share/apache-maven/lib/plexus-interpolation-1.21.jar
7fe2d47f8000-7fe2d4805000 r--s 0008d000 ca:01 148962                     /usr/share/apache-maven/lib/maven-core-3.3.9.jar
7fe2d4805000-7fe2d4807000 r--s 0000f000 ca:01 148954                     /usr/share/apache-maven/lib/maven-aether-provider-3.3.9.jar
7fe2d4807000-7fe2d4808000 r--s 00008000 ca:01 148927                     /usr/share/apache-maven/lib/aether-connector-basic-1.0.2.v20150114.jar
7fe2d4808000-7fe2d480c000 r--s 00027000 ca:01 148941                     /usr/share/apache-maven/lib/commons-io-2.2.jar
7fe2d480c000-7fe2d480d000 r--s 00003000 ca:01 148958                     /usr/share/apache-maven/lib/maven-builder-support-3.3.9.jar
7fe2d480d000-7fe2d480f000 r--s 00006000 ca:01 148931                     /usr/share/apache-maven/lib/aether-spi-1.0.2.v20150114.jar
7fe2d480f000-7fe2d48e1000 rw-p 00000000 00:00 0 
7fe2d48e1000-7fe2d48e9000 rw-s 00000000 ca:01 279709                     /tmp/hsperfdata_root/27826
7fe2d48e9000-7fe2d48ec000 ---p 00000000 00:00 0 
7fe2d48ec000-7fe2d49ee000 rw-p 00000000 00:00 0                          [stack:27847]
7fe2d49ee000-7fe2d49ef000 r--s 00002000 ca:01 148993                     /usr/share/apache-maven/lib/wagon-file-2.10.jar
7fe2d49ef000-7fe2d49f1000 r--s 0000b000 ca:01 148922                     /usr/share/apache-maven/boot/plexus-classworlds-2.5.2.jar
7fe2d49f1000-7fe2d49f2000 rw-p 00000000 00:00 0 
7fe2d49f2000-7fe2d49f3000 ---p 00000000 00:00 0 
7fe2d49f3000-7fe2d49f4000 rw-p 00000000 00:00 0 
7fe2d49f4000-7fe2d49f5000 r--p 00021000 ca:01 262170                     /lib64/ld-2.17.so
7fe2d49f5000-7fe2d49f6000 rw-p 00022000 ca:01 262170                     /lib64/ld-2.17.so
7fe2d49f6000-7fe2d49f7000 rw-p 00000000 00:00 0 
7ffef5064000-7ffef5085000 rw-p 00000000 00:00 0                          [stack]
7ffef50ce000-7ffef50d0000 r--p 00000000 00:00 0                          [vvar]
7ffef50d0000-7ffef50d2000 r-xp 00000000 00:00 0                          [vdso]
ffffffffff600000-ffffffffff601000 r-xp 00000000 00:00 0                  [vsyscall]

VM Arguments:
jvm_args: -Xms168m -Xmx1536m -XX:NewSize=64m -Djava.awt.headless=true -Dclassworlds.conf=/usr/share/apache-maven/bin/m2.conf -Dmaven.home=/usr/share/apache-maven -Dmaven.multiModuleProjectDirectory=/home/ec2-user/sakai 
java_command: org.codehaus.plexus.classworlds.launcher.Launcher clean install sakai:deploy -Dmaven.test.skip=true -Dmaven.tomcat.home=/opt/tomcat -Dsakai.home=/opt/tomcat/sakai -Djava.net.preferIPv4Stack=true
java_class_path (initial): /usr/share/apache-maven/boot/plexus-classworlds-2.5.2.jar
Launcher Type: SUN_STANDARD

Environment Variables:
JAVA_HOME=/usr/java/jdk1.8.0_101
PATH=/sbin:/bin:/usr/sbin:/usr/bin
USERNAME=root
SHELL=/bin/bash

Signal Handlers:
SIGSEGV: [libjvm.so+0xac4790], sa_mask[0]=11111111011111111101111111111110, sa_flags=SA_RESTART|SA_SIGINFO
SIGBUS: [libjvm.so+0xac4790], sa_mask[0]=11111111011111111101111111111110, sa_flags=SA_RESTART|SA_SIGINFO
SIGFPE: [libjvm.so+0x91f140], sa_mask[0]=11111111011111111101111111111110, sa_flags=SA_RESTART|SA_SIGINFO
SIGPIPE: [libjvm.so+0x91f140], sa_mask[0]=11111111011111111101111111111110, sa_flags=SA_RESTART|SA_SIGINFO
SIGXFSZ: [libjvm.so+0x91f140], sa_mask[0]=11111111011111111101111111111110, sa_flags=SA_RESTART|SA_SIGINFO
SIGILL: [libjvm.so+0x91f140], sa_mask[0]=11111111011111111101111111111110, sa_flags=SA_RESTART|SA_SIGINFO
SIGUSR1: SIG_DFL, sa_mask[0]=00000000000000000000000000000000, sa_flags=none
SIGUSR2: [libjvm.so+0x920770], sa_mask[0]=00000000000000000000000000000000, sa_flags=SA_RESTART|SA_SIGINFO
SIGHUP: [libjvm.so+0x921b70], sa_mask[0]=11111111011111111101111111111110, sa_flags=SA_RESTART|SA_SIGINFO
SIGINT: [libjvm.so+0x921b70], sa_mask[0]=11111111011111111101111111111110, sa_flags=SA_RESTART|SA_SIGINFO
SIGTERM: [libjvm.so+0x921b70], sa_mask[0]=11111111011111111101111111111110, sa_flags=SA_RESTART|SA_SIGINFO
SIGQUIT: [libjvm.so+0x921b70], sa_mask[0]=11111111011111111101111111111110, sa_flags=SA_RESTART|SA_SIGINFO


---------------  S Y S T E M  ---------------

OS:Amazon Linux AMI release 2016.09

uname:Linux 4.4.19-29.55.amzn1.x86_64 #1 SMP Mon Aug 29 23:29:40 UTC 2016 x86_64
libc:glibc 2.17 NPTL 2.17 
rlimit: STACK 8192k, CORE 0k, NPROC 3897, NOFILE 4096, AS infinity
load average:0.70 0.42 0.18

/proc/meminfo:
MemTotal:        1019332 kB
MemFree:           69856 kB
MemAvailable:      37096 kB
Buffers:            2048 kB
Cached:            24660 kB
SwapCached:            0 kB
Active:           888016 kB
Inactive:          15080 kB
Active(anon):     876456 kB
Inactive(anon):       60 kB
Active(file):      11560 kB
Inactive(file):    15020 kB
Unevictable:           0 kB
Mlocked:               0 kB
SwapTotal:             0 kB
SwapFree:              0 kB
Dirty:              2452 kB
Writeback:             0 kB
AnonPages:        876448 kB
Mapped:             8712 kB
Shmem:                68 kB
Slab:              30808 kB
SReclaimable:      20520 kB
SUnreclaim:        10288 kB
KernelStack:        2000 kB
PageTables:         5816 kB
NFS_Unstable:          0 kB
Bounce:                0 kB
WritebackTmp:          0 kB
CommitLimit:      509664 kB
Committed_AS:    1106568 kB
VmallocTotal:   34359738367 kB
VmallocUsed:           0 kB
VmallocChunk:          0 kB
AnonHugePages:         0 kB
HugePages_Total:       0
HugePages_Free:        0
HugePages_Rsvd:        0
HugePages_Surp:        0
Hugepagesize:       2048 kB
DirectMap4k:       12288 kB
DirectMap2M:     1036288 kB


CPU:total 1 (1 cores per cpu, 1 threads per core) family 6 model 62 stepping 4, cmov, cx8, fxsr, mmx, sse, sse2, sse3, ssse3, sse4.1, sse4.2, popcnt, avx, aes, clmul, erms, tsc

/proc/cpuinfo:
processor	: 0
vendor_id	: GenuineIntel
cpu family	: 6
model		: 62
model name	: Intel(R) Xeon(R) CPU E5-2670 v2 @ 2.50GHz
stepping	: 4
microcode	: 0x417
cpu MHz		: 2500.068
cache size	: 25600 KB
physical id	: 0
siblings	: 1
core id		: 0
cpu cores	: 1
apicid		: 0
initial apicid	: 0
fpu		: yes
fpu_exception	: yes
cpuid level	: 13
wp		: yes
flags		: fpu vme de pse tsc msr pae mce cx8 apic sep mtrr pge mca cmov pat pse36 clflush mmx fxsr sse sse2 ht syscall nx rdtscp lm constant_tsc rep_good nopl xtopology eagerfpu pni pclmulqdq ssse3 cx16 pcid sse4_1 sse4_2 x2apic popcnt tsc_deadline_timer aes xsave avx f16c rdrand hypervisor lahf_lm fsgsbase smep erms xsaveopt
bugs		:
bogomips	: 5000.13
clflush size	: 64
cache_alignment	: 64
address sizes	: 46 bits physical, 48 bits virtual
power management:



Memory: 4k page, physical 1019332k(69856k free), swap 0k(0k free)

vm_info: Java HotSpot(TM) 64-Bit Server VM (25.101-b13) for linux-amd64 JRE (1.8.0_101-b13), built on Jun 22 2016 02:59:44 by "java_re" with gcc 4.3.0 20080428 (Red Hat 4.3.0-8)

time: Wed Oct  5 07:57:45 2016
elapsed time: 236 seconds (0d 0h 3m 56s)

